[debug] [2026-03-23T22:36:03.125Z] ----------------------------------------------------------------------
[debug] [2026-03-23T22:36:03.127Z] Command:       /opt/homebrew/Cellar/node/25.8.1_1/bin/node /opt/homebrew/bin/firebase projects:list
[debug] [2026-03-23T22:36:03.127Z] CLI Version:   15.11.0
[debug] [2026-03-23T22:36:03.127Z] Platform:      darwin
[debug] [2026-03-23T22:36:03.127Z] Node Version:  v25.8.1
[debug] [2026-03-23T22:36:03.127Z] Time:          Tue Mar 24 2026 04:06:03 GMT+0530 (India Standard Time)
[debug] [2026-03-23T22:36:03.127Z] ----------------------------------------------------------------------
[debug] 
[debug] [2026-03-23T22:36:03.217Z] > command requires scopes: ["email","openid","https://www.googleapis.com/auth/cloudplatformprojects.readonly","https://www.googleapis.com/auth/firebase","https://www.googleapis.com/auth/cloud-platform"]
[debug] [2026-03-23T22:36:03.217Z] > authorizing via signed-in user (suryanshsingh5654@gmail.com)
[debug] [2026-03-23T22:36:03.219Z] Checked if tokens are valid: false, expires at: 1774297324830
[debug] [2026-03-23T22:36:03.219Z] Checked if tokens are valid: false, expires at: 1774297324830
[debug] [2026-03-23T22:36:03.220Z] > refreshing access token with scopes: []
[debug] [2026-03-23T22:36:03.221Z] >>> [apiv2][query] POST https://www.googleapis.com/oauth2/v3/token [none]
[debug] [2026-03-23T22:36:03.221Z] >>> [apiv2][body] POST https://www.googleapis.com/oauth2/v3/token [omitted]
[debug] [2026-03-23T22:36:03.387Z] <<< [apiv2][status] POST https://www.googleapis.com/oauth2/v3/token 200
[debug] [2026-03-23T22:36:03.387Z] <<< [apiv2][body] POST https://www.googleapis.com/oauth2/v3/token [omitted]
[error] Authentication Error: Your credentials are no longer valid. Please run firebase login --reauth

For CI servers and headless environments, generate a new token with firebase login:ci
[debug] [2026-03-23T22:36:03.388Z] Authentication Error: Your credentials are no longer valid. Please run firebase login --reauth

For CI servers and headless environments, generate a new token with firebase login:ci
[debug] [2026-03-23T22:36:03.585Z] FirebaseError: Authentication Error: Your credentials are no longer valid. Please run firebase login --reauth

For CI servers and headless environments, generate a new token with firebase login:ci
    at invalidCredentialError (/opt/homebrew/lib/node_modules/firebase-tools/lib/auth.js:177:12)
    at refreshTokens (/opt/homebrew/lib/node_modules/firebase-tools/lib/auth.js:590:15)
    at process.processTicksAndRejections (node:internal/process/task_queues:104:5)
    at async getAccessToken (/opt/homebrew/lib/node_modules/firebase-tools/lib/apiv2.js:52:18)
    at async Client.addAuthHeader (/opt/homebrew/lib/node_modules/firebase-tools/lib/apiv2.js:182:21)
    at async Client.request (/opt/homebrew/lib/node_modules/firebase-tools/lib/apiv2.js:129:34)
    at async getProjectPage (/opt/homebrew/lib/node_modules/firebase-tools/lib/management/projects.js:287:17)
    at async getFirebaseProjectPage (/opt/homebrew/lib/node_modules/firebase-tools/lib/management/projects.js:304:23)
    at async listFirebaseProjects (/opt/homebrew/lib/node_modules/firebase-tools/lib/management/projects.js:333:29)
    at async Command.actionFn (/opt/homebrew/lib/node_modules/firebase-tools/lib/commands/projects-list.js:51:20)
[error] 
[error] Error: Failed to list Firebase projects. See firebase-debug.log for more info.
[debug] [2026-03-23T22:36:03.848Z] Error: EPERM: operation not permitted, open '/Users/binova/.config/configstore/firebase-tools.json.3544653738'
    at Object.openSync (node:fs:556:18)
    at writeFile.writeFileSync [as sync] (/opt/homebrew/lib/node_modules/firebase-tools/node_modules/write-file-atomic/index.js:205:13)
    at set all (/opt/homebrew/lib/node_modules/firebase-tools/node_modules/configstore/index.js:61:20)
    at Configstore.set (/opt/homebrew/lib/node_modules/firebase-tools/node_modules/configstore/index.js:91:12)
    at process.<anonymous> (/opt/homebrew/lib/node_modules/firebase-tools/lib/bin/cli.js:62:39)
    at process.emit (node:events:520:22)
    at process.processEmit [as emit] (/opt/homebrew/lib/node_modules/firebase-tools/node_modules/write-file-atomic/node_modules/signal-exit/index.js:191:37)
    at process.exit (node:internal/process/per_thread:236:15)
    at Timeout._onTimeout (/opt/homebrew/lib/node_modules/firebase-tools/lib/errorOut.js:20:17)
    at listOnTimeout (node:internal/timers:605:17)
[error] 
[error] Error: An unexpected error has occurred.
